2020-11-14 00:45:03|v:|c.i.f.FeatureApplication |[INFO ]|reqId:|userId:|main                |Starting FeatureApplication using Java 1.8.0_242 on idmitriev with PID 18858 (/Users/idmitriev/workspace/feature-toggles/build/classes/java/main started by user in /Users/idmitriev/workspace/feature-toggles)
2020-11-14 00:45:03|v:|c.i.f.FeatureApplication |[DEBUG]|reqId:|userId:|main                |Running with Spring Boot v2.4.0, Spring v5.3.1
2020-11-14 00:45:03|v:|c.i.f.FeatureApplication |[INFO ]|reqId:|userId:|main                |No active profile set, falling back to default profiles: default
2020-11-14 00:45:05|v:|c.z.h.HikariDataSource   |[INFO ]|reqId:|userId:|main                |HikariPool-1 - Starting...
2020-11-14 00:45:05|v:|c.z.h.HikariDataSource   |[INFO ]|reqId:|userId:|main                |HikariPool-1 - Start completed.
2020-11-14 00:45:05|v:|org.jboss.logging        |[DEBUG]|reqId:|userId:|main                |Logging Provider: org.jboss.logging.Log4j2LoggerProvider
2020-11-14 00:45:06|v:|c.i.f.FeatureApplication |[INFO ]|reqId:|userId:|main                |Started FeatureApplication in 2.942 seconds (JVM running for 3.603)
2020-11-14 00:47:42|v:|c.z.h.HikariDataSource   |[INFO ]|reqId:|userId:|gContextShutdownHook|HikariPool-1 - Shutdown initiated...
2020-11-14 00:47:42|v:|c.z.h.HikariDataSource   |[INFO ]|reqId:|userId:|gContextShutdownHook|HikariPool-1 - Shutdown completed.
2020-11-14 00:47:45|v:|c.i.f.FeatureApplication |[INFO ]|reqId:|userId:|main                |Starting FeatureApplication using Java 1.8.0_242 on idmitriev with PID 18870 (/Users/idmitriev/workspace/feature-toggles/build/classes/java/main started by user in /Users/idmitriev/workspace/feature-toggles)
2020-11-14 00:47:45|v:|c.i.f.FeatureApplication |[DEBUG]|reqId:|userId:|main                |Running with Spring Boot v2.4.0, Spring v5.3.1
2020-11-14 00:47:45|v:|c.i.f.FeatureApplication |[INFO ]|reqId:|userId:|main                |No active profile set, falling back to default profiles: default
2020-11-14 00:47:46|v:|c.z.h.HikariDataSource   |[INFO ]|reqId:|userId:|main                |HikariPool-1 - Starting...
2020-11-14 00:47:46|v:|c.z.h.HikariDataSource   |[INFO ]|reqId:|userId:|main                |HikariPool-1 - Start completed.
2020-11-14 00:47:46|v:|org.jboss.logging        |[DEBUG]|reqId:|userId:|main                |Logging Provider: org.jboss.logging.Log4j2LoggerProvider
2020-11-14 00:47:47|v:|c.i.f.FeatureApplication |[INFO ]|reqId:|userId:|main                |Started FeatureApplication in 2.859 seconds (JVM running for 3.51)
2020-11-14 00:48:05|v:|c.z.h.HikariDataSource   |[INFO ]|reqId:|userId:|gContextShutdownHook|HikariPool-1 - Shutdown initiated...
2020-11-14 00:48:05|v:|c.z.h.HikariDataSource   |[INFO ]|reqId:|userId:|gContextShutdownHook|HikariPool-1 - Shutdown completed.
2020-11-14 00:48:09|v:|c.i.f.FeatureApplication |[INFO ]|reqId:|userId:|main                |Starting FeatureApplication using Java 1.8.0_242 on idmitriev with PID 18895 (/Users/idmitriev/workspace/feature-toggles/build/classes/java/main started by user in /Users/idmitriev/workspace/feature-toggles)
2020-11-14 00:48:09|v:|c.i.f.FeatureApplication |[DEBUG]|reqId:|userId:|main                |Running with Spring Boot v2.4.0, Spring v5.3.1
2020-11-14 00:48:09|v:|c.i.f.FeatureApplication |[INFO ]|reqId:|userId:|main                |No active profile set, falling back to default profiles: default
2020-11-14 00:48:10|v:|c.z.h.HikariDataSource   |[INFO ]|reqId:|userId:|main                |HikariPool-1 - Starting...
2020-11-14 00:48:10|v:|c.z.h.HikariDataSource   |[INFO ]|reqId:|userId:|main                |HikariPool-1 - Start completed.
2020-11-14 00:48:11|v:|org.jboss.logging        |[DEBUG]|reqId:|userId:|main                |Logging Provider: org.jboss.logging.Log4j2LoggerProvider
2020-11-14 00:48:11|v:|c.i.f.FeatureApplication |[INFO ]|reqId:|userId:|main                |Started FeatureApplication in 2.796 seconds (JVM running for 3.527)
2020-11-14 00:49:42|v:|c.z.h.HikariDataSource   |[INFO ]|reqId:|userId:|gContextShutdownHook|HikariPool-1 - Shutdown initiated...
2020-11-14 00:49:42|v:|c.z.h.HikariDataSource   |[INFO ]|reqId:|userId:|gContextShutdownHook|HikariPool-1 - Shutdown completed.
2020-11-14 00:55:02|v:|c.i.f.FeatureApplication |[INFO ]|reqId:|userId:|main                |Starting FeatureApplication using Java 1.8.0_242 on idmitriev with PID 19008 (/Users/idmitriev/workspace/feature-toggles/build/classes/java/main started by user in /Users/idmitriev/workspace/feature-toggles)
2020-11-14 00:55:02|v:|c.i.f.FeatureApplication |[DEBUG]|reqId:|userId:|main                |Running with Spring Boot v2.4.0, Spring v5.3.1
2020-11-14 00:55:02|v:|c.i.f.FeatureApplication |[INFO ]|reqId:|userId:|main                |No active profile set, falling back to default profiles: default
2020-11-14 00:55:04|v:|c.z.h.HikariDataSource   |[INFO ]|reqId:|userId:|main                |HikariPool-1 - Starting...
2020-11-14 00:55:04|v:|o.s.b.w.e.t.TomcatStarter|[ERROR]|reqId:|userId:|main                |Error starting Tomcat context. Exception: org.springframework.beans.factory.BeanCreationException. Message: Error creating bean with name 'h2Console' defined in class path resource [org/springframework/boot/autoconfigure/h2/H2ConsoleAutoConfiguration.class]: Bean instantiation via factory method failed; nested exception is org.springframework.beans.BeanInstantiationException: Failed to instantiate [org.springframework.boot.web.servlet.ServletRegistrationBean]: Factory method 'h2Console' threw exception; nested exception is com.p6spy.engine.spy.P6DriverNotFoundError: Error registering driver names: [org.postgresql.Driver] 
Caused By: java.lang.ClassNotFoundException: org.postgresql.Driver
2020-11-14 00:55:04|v:|bServerApplicationContext|[WARN ]|reqId:|userId:|main                |Exception encountered during context initialization - cancelling refresh attempt: org.springframework.context.ApplicationContextException: Unable to start web server; nested exception is org.springframework.boot.web.server.WebServerException: Unable to start embedded Tomcat
2020-11-14 00:55:04|v:|o.s.b.SpringApplication  |[ERROR]|reqId:|userId:|main                |Application run failed
org.springframework.context.ApplicationContextException: Unable to start web server; nested exception is org.springframework.boot.web.server.WebServerException: Unable to start embedded Tomcat
	at org.springframework.boot.web.servlet.context.ServletWebServerApplicationContext.onRefresh(ServletWebServerApplicationContext.java:162)
	at org.springframework.context.support.AbstractApplicationContext.refresh(AbstractApplicationContext.java:582)
	at org.springframework.boot.web.servlet.context.ServletWebServerApplicationContext.refresh(ServletWebServerApplicationContext.java:144)
	at org.springframework.boot.SpringApplication.refresh(SpringApplication.java:767)
	at org.springframework.boot.SpringApplication.refresh(SpringApplication.java:759)
	at org.springframework.boot.SpringApplication.refreshContext(SpringApplication.java:426)
	at org.springframework.boot.SpringApplication.run(SpringApplication.java:326)
	at org.springframework.boot.SpringApplication.run(SpringApplication.java:1309)
	at org.springframework.boot.SpringApplication.run(SpringApplication.java:1298)
	at com.igor.feature.FeatureApplication.main(FeatureApplication.java:9)
Caused by: org.springframework.boot.web.server.WebServerException: Unable to start embedded Tomcat
	at org.springframework.boot.web.embedded.tomcat.TomcatWebServer.initialize(TomcatWebServer.java:142)
	at org.springframework.boot.web.embedded.tomcat.TomcatWebServer.<init>(TomcatWebServer.java:104)
	at org.springframework.boot.web.embedded.tomcat.TomcatServletWebServerFactory.getTomcatWebServer(TomcatServletWebServerFactory.java:451)
	at org.springframework.boot.web.embedded.tomcat.TomcatServletWebServerFactory.getWebServer(TomcatServletWebServerFactory.java:200)
	at org.springframework.boot.web.servlet.context.ServletWebServerApplicationContext.createWebServer(ServletWebServerApplicationContext.java:181)
	at org.springframework.boot.web.servlet.context.ServletWebServerApplicationContext.onRefresh(ServletWebServerApplicationContext.java:159)
	... 9 common frames omitted
Caused by: org.springframework.beans.factory.BeanCreationException: Error creating bean with name 'h2Console' defined in class path resource [org/springframework/boot/autoconfigure/h2/H2ConsoleAutoConfiguration.class]: Bean instantiation via factory method failed; nested exception is org.springframework.beans.BeanInstantiationException: Failed to instantiate [org.springframework.boot.web.servlet.ServletRegistrationBean]: Factory method 'h2Console' threw exception; nested exception is com.p6spy.engine.spy.P6DriverNotFoundError: Error registering driver names: [org.postgresql.Driver] 
Caused By: java.lang.ClassNotFoundException: org.postgresql.Driver
	at org.springframework.beans.factory.support.ConstructorResolver.instantiate(ConstructorResolver.java:656)
	at org.springframework.beans.factory.support.ConstructorResolver.instantiateUsingFactoryMethod(ConstructorResolver.java:636)
	at org.springframework.beans.factory.support.AbstractAutowireCapableBeanFactory.instantiateUsingFactoryMethod(AbstractAutowireCapableBeanFactory.java:1336)
	at org.springframework.beans.factory.support.AbstractAutowireCapableBeanFactory.createBeanInstance(AbstractAutowireCapableBeanFactory.java:1179)
	at org.springframework.beans.factory.support.AbstractAutowireCapableBeanFactory.doCreateBean(AbstractAutowireCapableBeanFactory.java:571)
	at org.springframework.beans.factory.support.AbstractAutowireCapableBeanFactory.createBean(AbstractAutowireCapableBeanFactory.java:531)
	at org.springframework.beans.factory.support.AbstractBeanFactory.lambda$doGetBean$0(AbstractBeanFactory.java:335)
	at org.springframework.beans.factory.support.DefaultSingletonBeanRegistry.getSingleton(DefaultSingletonBeanRegistry.java:234)
	at org.springframework.beans.factory.support.AbstractBeanFactory.doGetBean(AbstractBeanFactory.java:333)
	at org.springframework.beans.factory.support.AbstractBeanFactory.getBean(AbstractBeanFactory.java:213)
	at org.springframework.boot.web.servlet.ServletContextInitializerBeans.getOrderedBeansOfType(ServletContextInitializerBeans.java:212)
	at org.springframework.boot.web.servlet.ServletContextInitializerBeans.getOrderedBeansOfType(ServletContextInitializerBeans.java:203)
	at org.springframework.boot.web.servlet.ServletContextInitializerBeans.addServletContextInitializerBeans(ServletContextInitializerBeans.java:97)
	at org.springframework.boot.web.servlet.ServletContextInitializerBeans.<init>(ServletContextInitializerBeans.java:86)
	at org.springframework.boot.web.servlet.context.ServletWebServerApplicationContext.getServletContextInitializerBeans(ServletWebServerApplicationContext.java:259)
	at org.springframework.boot.web.servlet.context.ServletWebServerApplicationContext.selfInitialize(ServletWebServerApplicationContext.java:233)
	at org.springframework.boot.web.embedded.tomcat.TomcatStarter.onStartup(TomcatStarter.java:53)
	at org.apache.catalina.core.StandardContext.startInternal(StandardContext.java:5166)
	at org.apache.catalina.util.LifecycleBase.start(LifecycleBase.java:183)
	at org.apache.catalina.core.ContainerBase$StartChild.call(ContainerBase.java:1384)
	at org.apache.catalina.core.ContainerBase$StartChild.call(ContainerBase.java:1374)
	at java.util.concurrent.FutureTask.run(FutureTask.java:266)
	at org.apache.tomcat.util.threads.InlineExecutorService.execute(InlineExecutorService.java:75)
	at java.util.concurrent.AbstractExecutorService.submit(AbstractExecutorService.java:134)
	at org.apache.catalina.core.ContainerBase.startInternal(ContainerBase.java:909)
	at org.apache.catalina.core.StandardHost.startInternal(StandardHost.java:843)
	at org.apache.catalina.util.LifecycleBase.start(LifecycleBase.java:183)
	at org.apache.catalina.core.ContainerBase$StartChild.call(ContainerBase.java:1384)
	at org.apache.catalina.core.ContainerBase$StartChild.call(ContainerBase.java:1374)
	at java.util.concurrent.FutureTask.run(FutureTask.java:266)
	at org.apache.tomcat.util.threads.InlineExecutorService.execute(InlineExecutorService.java:75)
	at java.util.concurrent.AbstractExecutorService.submit(AbstractExecutorService.java:134)
	at org.apache.catalina.core.ContainerBase.startInternal(ContainerBase.java:909)
	at org.apache.catalina.core.StandardEngine.startInternal(StandardEngine.java:262)
	at org.apache.catalina.util.LifecycleBase.start(LifecycleBase.java:183)
	at org.apache.catalina.core.StandardService.startInternal(StandardService.java:421)
	at org.apache.catalina.util.LifecycleBase.start(LifecycleBase.java:183)
	at org.apache.catalina.core.StandardServer.startInternal(StandardServer.java:930)
	at org.apache.catalina.util.LifecycleBase.start(LifecycleBase.java:183)
	at org.apache.catalina.startup.Tomcat.start(Tomcat.java:486)
	at org.springframework.boot.web.embedded.tomcat.TomcatWebServer.initialize(TomcatWebServer.java:123)
	... 14 common frames omitted
Caused by: org.springframework.beans.BeanInstantiationException: Failed to instantiate [org.springframework.boot.web.servlet.ServletRegistrationBean]: Factory method 'h2Console' threw exception; nested exception is com.p6spy.engine.spy.P6DriverNotFoundError: Error registering driver names: [org.postgresql.Driver] 
Caused By: java.lang.ClassNotFoundException: org.postgresql.Driver
	at org.springframework.beans.factory.support.SimpleInstantiationStrategy.instantiate(SimpleInstantiationStrategy.java:185)
	at org.springframework.beans.factory.support.ConstructorResolver.instantiate(ConstructorResolver.java:651)
	... 54 common frames omitted
Caused by: com.p6spy.engine.spy.P6DriverNotFoundError: Error registering driver names: [org.postgresql.Driver] 
Caused By: java.lang.ClassNotFoundException: org.postgresql.Driver
	at com.p6spy.engine.spy.P6ModuleManager.loadDriversExplicitly(P6ModuleManager.java:208)
	at com.p6spy.engine.spy.P6ModuleManager.<init>(P6ModuleManager.java:119)
	at com.p6spy.engine.spy.P6ModuleManager.initMe(P6ModuleManager.java:65)
	at com.p6spy.engine.spy.P6ModuleManager.<clinit>(P6ModuleManager.java:58)
	at com.p6spy.engine.spy.P6SpyDriver.findPassthru(P6SpyDriver.java:117)
	at com.p6spy.engine.spy.P6SpyDriver.connect(P6SpyDriver.java:87)
	at com.zaxxer.hikari.util.DriverDataSource.getConnection(DriverDataSource.java:138)
	at com.zaxxer.hikari.pool.PoolBase.newConnection(PoolBase.java:358)
	at com.zaxxer.hikari.pool.PoolBase.newPoolEntry(PoolBase.java:206)
	at com.zaxxer.hikari.pool.HikariPool.createPoolEntry(HikariPool.java:477)
	at com.zaxxer.hikari.pool.HikariPool.checkFailFast(HikariPool.java:560)
	at com.zaxxer.hikari.pool.HikariPool.<init>(HikariPool.java:115)
	at com.zaxxer.hikari.HikariDataSource.getConnection(HikariDataSource.java:112)
	at org.springframework.boot.autoconfigure.h2.H2ConsoleAutoConfiguration.lambda$h2Console$0(H2ConsoleAutoConfiguration.java:67)
	at org.springframework.beans.factory.support.DefaultListableBeanFactory$DependencyObjectProvider.ifAvailable(DefaultListableBeanFactory.java:2022)
	at org.springframework.boot.autoconfigure.h2.H2ConsoleAutoConfiguration.h2Console(H2ConsoleAutoConfiguration.java:66)
	at sun.reflect.NativeMethodAccessorImpl.invoke0(Native Method)
	at sun.reflect.NativeMethodAccessorImpl.invoke(NativeMethodAccessorImpl.java:62)
	at sun.reflect.DelegatingMethodAccessorImpl.invoke(DelegatingMethodAccessorImpl.java:43)
	at java.lang.reflect.Method.invoke(Method.java:498)
	at org.springframework.beans.factory.support.SimpleInstantiationStrategy.instantiate(SimpleInstantiationStrategy.java:154)
	... 55 common frames omitted
2020-11-14 00:55:39|v:|c.i.f.FeatureApplication |[INFO ]|reqId:|userId:|main                |Starting FeatureApplication using Java 1.8.0_242 on idmitriev with PID 19025 (/Users/idmitriev/workspace/feature-toggles/build/classes/java/main started by user in /Users/idmitriev/workspace/feature-toggles)
2020-11-14 00:55:39|v:|c.i.f.FeatureApplication |[DEBUG]|reqId:|userId:|main                |Running with Spring Boot v2.4.0, Spring v5.3.1
2020-11-14 00:55:39|v:|c.i.f.FeatureApplication |[INFO ]|reqId:|userId:|main                |No active profile set, falling back to default profiles: default
2020-11-14 00:55:40|v:|c.z.h.HikariDataSource   |[INFO ]|reqId:|userId:|main                |HikariPool-1 - Starting...
2020-11-14 00:55:41|v:|c.z.h.HikariDataSource   |[INFO ]|reqId:|userId:|main                |HikariPool-1 - Start completed.
2020-11-14 00:55:41|v:|org.jboss.logging        |[DEBUG]|reqId:|userId:|main                |Logging Provider: org.jboss.logging.Log4j2LoggerProvider
2020-11-14 00:55:42|v:|c.i.f.FeatureApplication |[INFO ]|reqId:|userId:|main                |Started FeatureApplication in 2.899 seconds (JVM running for 3.525)
2020-11-14 00:57:26|v:|c.z.h.HikariDataSource   |[INFO ]|reqId:|userId:|gContextShutdownHook|HikariPool-1 - Shutdown initiated...
2020-11-14 00:57:26|v:|c.z.h.HikariDataSource   |[INFO ]|reqId:|userId:|gContextShutdownHook|HikariPool-1 - Shutdown completed.
2020-11-14 08:27:38|v:|f.FeatureApplicationTests|[INFO ]|reqId:|userId:|Test worker         |Starting FeatureApplicationTests using Java 1.8.0_241 on idmitriev with PID 20170 (started by user in /Users/idmitriev/workspace/feature-toggles)
2020-11-14 08:27:38|v:|f.FeatureApplicationTests|[DEBUG]|reqId:|userId:|Test worker         |Running with Spring Boot v2.4.0, Spring v5.3.1
2020-11-14 08:27:38|v:|f.FeatureApplicationTests|[INFO ]|reqId:|userId:|Test worker         |No active profile set, falling back to default profiles: default
2020-11-14 08:27:39|v:|c.z.h.HikariDataSource   |[INFO ]|reqId:|userId:|Test worker         |HikariPool-1 - Starting...
2020-11-14 08:27:39|v:|c.z.h.HikariDataSource   |[INFO ]|reqId:|userId:|Test worker         |HikariPool-1 - Start completed.
2020-11-14 08:27:40|v:|org.jboss.logging        |[DEBUG]|reqId:|userId:|Test worker         |Logging Provider: org.jboss.logging.Log4j2LoggerProvider
2020-11-14 08:27:41|v:|f.FeatureApplicationTests|[INFO ]|reqId:|userId:|Test worker         |Started FeatureApplicationTests in 3.483 seconds (JVM running for 4.787)
2020-11-14 08:27:41|v:|c.z.h.HikariDataSource   |[INFO ]|reqId:|userId:|gContextShutdownHook|HikariPool-1 - Shutdown initiated...
2020-11-14 08:27:41|v:|c.z.h.HikariDataSource   |[INFO ]|reqId:|userId:|gContextShutdownHook|HikariPool-1 - Shutdown completed.
2020-11-14 08:28:30|v:|f.FeatureApplicationTests|[INFO ]|reqId:|userId:|Test worker         |Starting FeatureApplicationTests using Java 1.8.0_241 on idmitriev with PID 20177 (started by user in /Users/idmitriev/workspace/feature-toggles)
2020-11-14 08:28:30|v:|f.FeatureApplicationTests|[DEBUG]|reqId:|userId:|Test worker         |Running with Spring Boot v2.4.0, Spring v5.3.1
2020-11-14 08:28:30|v:|f.FeatureApplicationTests|[INFO ]|reqId:|userId:|Test worker         |No active profile set, falling back to default profiles: default
2020-11-14 08:28:31|v:|c.z.h.HikariDataSource   |[INFO ]|reqId:|userId:|Test worker         |HikariPool-1 - Starting...
2020-11-14 08:28:32|v:|c.z.h.HikariDataSource   |[INFO ]|reqId:|userId:|Test worker         |HikariPool-1 - Start completed.
2020-11-14 08:28:32|v:|org.jboss.logging        |[DEBUG]|reqId:|userId:|Test worker         |Logging Provider: org.jboss.logging.Log4j2LoggerProvider
2020-11-14 08:28:34|v:|f.FeatureApplicationTests|[INFO ]|reqId:|userId:|Test worker         |Started FeatureApplicationTests in 3.554 seconds (JVM running for 5.107)
2020-11-14 08:28:34|v:|c.z.h.HikariDataSource   |[INFO ]|reqId:|userId:|gContextShutdownHook|HikariPool-1 - Shutdown initiated...
2020-11-14 08:28:34|v:|c.z.h.HikariDataSource   |[INFO ]|reqId:|userId:|gContextShutdownHook|HikariPool-1 - Shutdown completed.
2020-11-14 08:29:18|v:|f.FeatureApplicationTests|[INFO ]|reqId:|userId:|Test worker         |Starting FeatureApplicationTests using Java 1.8.0_241 on idmitriev with PID 20182 (started by user in /Users/idmitriev/workspace/feature-toggles)
2020-11-14 08:29:18|v:|f.FeatureApplicationTests|[DEBUG]|reqId:|userId:|Test worker         |Running with Spring Boot v2.4.0, Spring v5.3.1
2020-11-14 08:29:18|v:|f.FeatureApplicationTests|[INFO ]|reqId:|userId:|Test worker         |No active profile set, falling back to default profiles: default
2020-11-14 08:29:19|v:|c.z.h.HikariDataSource   |[INFO ]|reqId:|userId:|Test worker         |HikariPool-1 - Starting...
2020-11-14 08:29:19|v:|c.z.h.HikariDataSource   |[INFO ]|reqId:|userId:|Test worker         |HikariPool-1 - Start completed.
2020-11-14 08:29:20|v:|org.jboss.logging        |[DEBUG]|reqId:|userId:|Test worker         |Logging Provider: org.jboss.logging.Log4j2LoggerProvider
2020-11-14 08:29:21|v:|f.FeatureApplicationTests|[INFO ]|reqId:|userId:|Test worker         |Started FeatureApplicationTests in 3.297 seconds (JVM running for 4.807)
2020-11-14 08:29:21|v:|c.z.h.HikariDataSource   |[INFO ]|reqId:|userId:|gContextShutdownHook|HikariPool-1 - Shutdown initiated...
2020-11-14 08:29:21|v:|c.z.h.HikariDataSource   |[INFO ]|reqId:|userId:|gContextShutdownHook|HikariPool-1 - Shutdown completed.
2020-11-14 08:29:39|v:|f.FeatureApplicationTests|[INFO ]|reqId:|userId:|Test worker         |Starting FeatureApplicationTests using Java 1.8.0_241 on idmitriev with PID 20186 (started by user in /Users/idmitriev/workspace/feature-toggles)
2020-11-14 08:29:39|v:|f.FeatureApplicationTests|[DEBUG]|reqId:|userId:|Test worker         |Running with Spring Boot v2.4.0, Spring v5.3.1
2020-11-14 08:29:39|v:|f.FeatureApplicationTests|[INFO ]|reqId:|userId:|Test worker         |No active profile set, falling back to default profiles: default
2020-11-14 08:29:40|v:|c.z.h.HikariDataSource   |[INFO ]|reqId:|userId:|Test worker         |HikariPool-1 - Starting...
2020-11-14 08:29:40|v:|c.z.h.HikariDataSource   |[INFO ]|reqId:|userId:|Test worker         |HikariPool-1 - Start completed.
2020-11-14 08:29:40|v:|org.jboss.logging        |[DEBUG]|reqId:|userId:|Test worker         |Logging Provider: org.jboss.logging.Log4j2LoggerProvider
2020-11-14 08:29:42|v:|f.FeatureApplicationTests|[INFO ]|reqId:|userId:|Test worker         |Started FeatureApplicationTests in 3.398 seconds (JVM running for 4.796)
2020-11-14 08:29:42|v:|c.z.h.HikariDataSource   |[INFO ]|reqId:|userId:|gContextShutdownHook|HikariPool-1 - Shutdown initiated...
2020-11-14 08:29:42|v:|c.z.h.HikariDataSource   |[INFO ]|reqId:|userId:|gContextShutdownHook|HikariPool-1 - Shutdown completed.
2020-11-14 08:30:34|v:|f.FeatureApplicationTests|[INFO ]|reqId:|userId:|Test worker         |Starting FeatureApplicationTests using Java 1.8.0_241 on idmitriev with PID 20190 (started by user in /Users/idmitriev/workspace/feature-toggles)
2020-11-14 08:30:34|v:|f.FeatureApplicationTests|[DEBUG]|reqId:|userId:|Test worker         |Running with Spring Boot v2.4.0, Spring v5.3.1
2020-11-14 08:30:34|v:|f.FeatureApplicationTests|[INFO ]|reqId:|userId:|Test worker         |No active profile set, falling back to default profiles: default
2020-11-14 08:30:35|v:|c.z.h.HikariDataSource   |[INFO ]|reqId:|userId:|Test worker         |HikariPool-1 - Starting...
2020-11-14 08:30:35|v:|c.z.h.HikariDataSource   |[INFO ]|reqId:|userId:|Test worker         |HikariPool-1 - Start completed.
2020-11-14 08:30:36|v:|org.jboss.logging        |[DEBUG]|reqId:|userId:|Test worker         |Logging Provider: org.jboss.logging.Log4j2LoggerProvider
2020-11-14 08:30:37|v:|f.FeatureApplicationTests|[INFO ]|reqId:|userId:|Test worker         |Started FeatureApplicationTests in 3.641 seconds (JVM running for 4.776)
2020-11-14 08:30:38|v:|c.z.h.HikariDataSource   |[INFO ]|reqId:|userId:|gContextShutdownHook|HikariPool-1 - Shutdown initiated...
2020-11-14 08:30:38|v:|c.z.h.HikariDataSource   |[INFO ]|reqId:|userId:|gContextShutdownHook|HikariPool-1 - Shutdown completed.
2020-11-14 08:30:55|v:|f.FeatureApplicationTests|[INFO ]|reqId:|userId:|Test worker         |Starting FeatureApplicationTests using Java 1.8.0_241 on idmitriev with PID 20192 (started by user in /Users/idmitriev/workspace/feature-toggles)
2020-11-14 08:30:55|v:|f.FeatureApplicationTests|[DEBUG]|reqId:|userId:|Test worker         |Running with Spring Boot v2.4.0, Spring v5.3.1
2020-11-14 08:30:55|v:|f.FeatureApplicationTests|[INFO ]|reqId:|userId:|Test worker         |No active profile set, falling back to default profiles: default
2020-11-14 08:30:56|v:|c.z.h.HikariDataSource   |[INFO ]|reqId:|userId:|Test worker         |HikariPool-1 - Starting...
2020-11-14 08:30:57|v:|c.z.h.HikariDataSource   |[INFO ]|reqId:|userId:|Test worker         |HikariPool-1 - Start completed.
2020-11-14 08:30:57|v:|org.jboss.logging        |[DEBUG]|reqId:|userId:|Test worker         |Logging Provider: org.jboss.logging.Log4j2LoggerProvider
2020-11-14 08:30:59|v:|f.FeatureApplicationTests|[INFO ]|reqId:|userId:|Test worker         |Started FeatureApplicationTests in 4.465 seconds (JVM running for 6.057)
2020-11-14 08:31:55|v:|f.FeatureApplicationTests|[INFO ]|reqId:|userId:|Test worker         |Starting FeatureApplicationTests using Java 1.8.0_241 on idmitriev with PID 20195 (started by user in /Users/idmitriev/workspace/feature-toggles)
2020-11-14 08:31:55|v:|f.FeatureApplicationTests|[DEBUG]|reqId:|userId:|Test worker         |Running with Spring Boot v2.4.0, Spring v5.3.1
2020-11-14 08:31:55|v:|f.FeatureApplicationTests|[INFO ]|reqId:|userId:|Test worker         |No active profile set, falling back to default profiles: default
2020-11-14 08:31:56|v:|c.z.h.HikariDataSource   |[INFO ]|reqId:|userId:|Test worker         |HikariPool-1 - Starting...
2020-11-14 08:31:56|v:|c.z.h.HikariDataSource   |[INFO ]|reqId:|userId:|Test worker         |HikariPool-1 - Start completed.
2020-11-14 08:31:57|v:|org.jboss.logging        |[DEBUG]|reqId:|userId:|Test worker         |Logging Provider: org.jboss.logging.Log4j2LoggerProvider
2020-11-14 08:31:58|v:|f.FeatureApplicationTests|[INFO ]|reqId:|userId:|Test worker         |Started FeatureApplicationTests in 3.798 seconds (JVM running for 5.068)
2020-11-14 08:31:58|v:|c.z.h.HikariDataSource   |[INFO ]|reqId:|userId:|gContextShutdownHook|HikariPool-1 - Shutdown initiated...
2020-11-14 08:31:58|v:|c.z.h.HikariDataSource   |[INFO ]|reqId:|userId:|gContextShutdownHook|HikariPool-1 - Shutdown completed.
2020-11-14 08:32:33|v:|f.FeatureApplicationTests|[INFO ]|reqId:|userId:|Test worker         |Starting FeatureApplicationTests using Java 1.8.0_241 on idmitriev with PID 20203 (started by user in /Users/idmitriev/workspace/feature-toggles)
2020-11-14 08:32:33|v:|f.FeatureApplicationTests|[DEBUG]|reqId:|userId:|Test worker         |Running with Spring Boot v2.4.0, Spring v5.3.1
2020-11-14 08:32:33|v:|f.FeatureApplicationTests|[INFO ]|reqId:|userId:|Test worker         |No active profile set, falling back to default profiles: default
2020-11-14 08:32:34|v:|c.z.h.HikariDataSource   |[INFO ]|reqId:|userId:|Test worker         |HikariPool-1 - Starting...
2020-11-14 08:32:35|v:|c.z.h.HikariDataSource   |[INFO ]|reqId:|userId:|Test worker         |HikariPool-1 - Start completed.
2020-11-14 08:32:35|v:|org.jboss.logging        |[DEBUG]|reqId:|userId:|Test worker         |Logging Provider: org.jboss.logging.Log4j2LoggerProvider
2020-11-14 08:32:37|v:|f.FeatureApplicationTests|[INFO ]|reqId:|userId:|Test worker         |Started FeatureApplicationTests in 3.82 seconds (JVM running for 4.842)
2020-11-14 08:32:37|v:|c.z.h.HikariDataSource   |[INFO ]|reqId:|userId:|gContextShutdownHook|HikariPool-1 - Shutdown initiated...
2020-11-14 08:32:37|v:|c.z.h.HikariDataSource   |[INFO ]|reqId:|userId:|gContextShutdownHook|HikariPool-1 - Shutdown completed.
2020-11-14 08:34:34|v:|f.FeatureApplicationTests|[INFO ]|reqId:|userId:|Test worker         |Starting FeatureApplicationTests using Java 1.8.0_241 on idmitriev with PID 20222 (started by user in /Users/idmitriev/workspace/feature-toggles)
2020-11-14 08:34:34|v:|f.FeatureApplicationTests|[DEBUG]|reqId:|userId:|Test worker         |Running with Spring Boot v2.4.0, Spring v5.3.1
2020-11-14 08:34:34|v:|f.FeatureApplicationTests|[INFO ]|reqId:|userId:|Test worker         |No active profile set, falling back to default profiles: default
2020-11-14 08:34:35|v:|c.z.h.HikariDataSource   |[INFO ]|reqId:|userId:|Test worker         |HikariPool-1 - Starting...
2020-11-14 08:34:35|v:|c.z.h.HikariDataSource   |[INFO ]|reqId:|userId:|Test worker         |HikariPool-1 - Start completed.
2020-11-14 08:34:36|v:|org.jboss.logging        |[DEBUG]|reqId:|userId:|Test worker         |Logging Provider: org.jboss.logging.Log4j2LoggerProvider
2020-11-14 08:34:37|v:|f.FeatureApplicationTests|[INFO ]|reqId:|userId:|Test worker         |Started FeatureApplicationTests in 3.889 seconds (JVM running for 4.916)
2020-11-14 08:34:38|v:|c.z.h.HikariDataSource   |[INFO ]|reqId:|userId:|gContextShutdownHook|HikariPool-1 - Shutdown initiated...
2020-11-14 08:34:38|v:|c.z.h.HikariDataSource   |[INFO ]|reqId:|userId:|gContextShutdownHook|HikariPool-1 - Shutdown completed.
2020-11-14 08:34:51|v:|f.FeatureApplicationTests|[INFO ]|reqId:|userId:|Test worker         |Starting FeatureApplicationTests using Java 1.8.0_241 on idmitriev with PID 20225 (started by user in /Users/idmitriev/workspace/feature-toggles)
2020-11-14 08:34:51|v:|f.FeatureApplicationTests|[DEBUG]|reqId:|userId:|Test worker         |Running with Spring Boot v2.4.0, Spring v5.3.1
2020-11-14 08:34:51|v:|f.FeatureApplicationTests|[INFO ]|reqId:|userId:|Test worker         |No active profile set, falling back to default profiles: default
2020-11-14 08:34:52|v:|c.z.h.HikariDataSource   |[INFO ]|reqId:|userId:|Test worker         |HikariPool-1 - Starting...
2020-11-14 08:34:53|v:|c.z.h.HikariDataSource   |[INFO ]|reqId:|userId:|Test worker         |HikariPool-1 - Start completed.
2020-11-14 08:34:53|v:|org.jboss.logging        |[DEBUG]|reqId:|userId:|Test worker         |Logging Provider: org.jboss.logging.Log4j2LoggerProvider
2020-11-14 08:34:55|v:|f.FeatureApplicationTests|[INFO ]|reqId:|userId:|Test worker         |Started FeatureApplicationTests in 3.819 seconds (JVM running for 4.909)
2020-11-14 08:34:55|v:|c.z.h.HikariDataSource   |[INFO ]|reqId:|userId:|gContextShutdownHook|HikariPool-1 - Shutdown initiated...
2020-11-14 08:34:55|v:|c.z.h.HikariDataSource   |[INFO ]|reqId:|userId:|gContextShutdownHook|HikariPool-1 - Shutdown completed.
